/*C3*/SET SCHEMA PUBLIC
drop table if exists ServerLogEntry CASCADE 
drop sequence hibernate_sequence if exists
create sequence hibernate_sequence start with 1 increment by 1
create table ServerLogEntry (sle_id integer not null, alert boolean, host varchar(255), id varchar(255), state varchar(255), timestamp bigint, type varchar(255), primary key (sle_id))
INSERT INTO SERVERLOGENTRY VALUES(1,NULL,'12345','scsmbstgra','STARTED',1491377495212,'APPLICATION_LOG')
ALTER SEQUENCE PUBLIC.HIBERNATE_SEQUENCE RESTART WITH 2
COMMIT
INSERT INTO SERVERLOGENTRY VALUES(2,NULL,NULL,'scsmbstgrb','STARTED',1491377495213,NULL)
ALTER SEQUENCE PUBLIC.HIBERNATE_SEQUENCE RESTART WITH 3
COMMIT
INSERT INTO SERVERLOGENTRY VALUES(3,NULL,NULL,'scsmbstgrc','FINISHED',1491377495218,NULL)
ALTER SEQUENCE PUBLIC.HIBERNATE_SEQUENCE RESTART WITH 4
COMMIT
INSERT INTO SERVERLOGENTRY VALUES(4,TRUE,'12345','scsmbstgra','FINISHED',1491377495217,'APPLICATION_LOG')
ALTER SEQUENCE PUBLIC.HIBERNATE_SEQUENCE RESTART WITH 5
COMMIT
INSERT INTO SERVERLOGENTRY VALUES(5,TRUE,NULL,'scsmbstgrc','STARTED',1491377495210,NULL)
ALTER SEQUENCE PUBLIC.HIBERNATE_SEQUENCE RESTART WITH 6
COMMIT
INSERT INTO SERVERLOGENTRY VALUES(6,NULL,NULL,'scsmbstgrb','FINISHED',1491377495216,NULL)
ALTER SEQUENCE PUBLIC.HIBERNATE_SEQUENCE RESTART WITH 7
COMMIT
INSERT INTO SERVERLOGENTRY VALUES(7,NULL,'12345','zerodelay','STARTED',1491377495217,'APPLICATION_LOG')
ALTER SEQUENCE PUBLIC.HIBERNATE_SEQUENCE RESTART WITH 8
COMMIT
INSERT INTO SERVERLOGENTRY VALUES(8,NULL,'12345','zerodelay','FINISHED',1491377495217,'APPLICATION_LOG')
ALTER SEQUENCE PUBLIC.HIBERNATE_SEQUENCE RESTART WITH 9
COMMIT
INSERT INTO SERVERLOGENTRY VALUES(9,NULL,'12345','sevendelay','STARTED',1491377495210,'APPLICATION_LOG')
ALTER SEQUENCE PUBLIC.HIBERNATE_SEQUENCE RESTART WITH 10
COMMIT
INSERT INTO SERVERLOGENTRY VALUES(10,TRUE,'12345','sevendelay','FINISHED',1491377495217,'APPLICATION_LOG')
ALTER SEQUENCE PUBLIC.HIBERNATE_SEQUENCE RESTART WITH 11
COMMIT
INSERT INTO SERVERLOGENTRY VALUES(11,NULL,'12345','onedelay','STARTED',1491377495210,'APPLICATION_LOG')
ALTER SEQUENCE PUBLIC.HIBERNATE_SEQUENCE RESTART WITH 12
COMMIT
INSERT INTO SERVERLOGENTRY VALUES(12,NULL,'12345','onedelay','FINISHED',1491377495211,'APPLICATION_LOG')
ALTER SEQUENCE PUBLIC.HIBERNATE_SEQUENCE RESTART WITH 13
COMMIT
INSERT INTO SERVERLOGENTRY VALUES(13,NULL,'12345','hundreddelay','STARTED',1491377495210,'APPLICATION_LOG')
ALTER SEQUENCE PUBLIC.HIBERNATE_SEQUENCE RESTART WITH 14
COMMIT
INSERT INTO SERVERLOGENTRY VALUES(14,TRUE,'12345','hundreddelay','FINISHED',1491377495310,'APPLICATION_LOG')
ALTER SEQUENCE PUBLIC.HIBERNATE_SEQUENCE RESTART WITH 15
COMMIT
DISCONNECT
